
> hacienda-guadalupe@0.1.0 build
> next build

   ▲ Next.js 15.5.3

   Linting and checking validity of types ...
   Creating an optimized production build ...
Failed to compile.

HookWebpackError: Unexpected '/'. Escaping special characters with \ may help.
    at makeWebpackError (/Users/javimombiela/Documents/GitHub/hacienda-guadalupe/node_modules/next/dist/compiled/webpack/bundle5.js:29:315765)
    at /Users/javimombiela/Documents/GitHub/hacienda-guadalupe/node_modules/next/dist/compiled/webpack/bundle5.js:29:106471
    at eval (eval at create (/Users/javimombiela/Documents/GitHub/hacienda-guadalupe/node_modules/next/dist/compiled/webpack/bundle5.js:14:9224), <anonymous>:34:1)
-- inner error --
Error: Unexpected '/'. Escaping special characters with \ may help.
    at /Users/javimombiela/Documents/GitHub/hacienda-guadalupe/static/css/7510df1cb69d52cb.css:758:1
    at Root._error (/Users/javimombiela/Documents/GitHub/hacienda-guadalupe/node_modules/next/dist/compiled/cssnano-simple/index.js:320:84637)
    at Root.error (/Users/javimombiela/Documents/GitHub/hacienda-guadalupe/node_modules/next/dist/compiled/cssnano-simple/index.js:320:131940)
    at Parser.error (/Users/javimombiela/Documents/GitHub/hacienda-guadalupe/node_modules/next/dist/compiled/cssnano-simple/index.js:320:93111)
    at Parser.unexpected (/Users/javimombiela/Documents/GitHub/hacienda-guadalupe/node_modules/next/dist/compiled/cssnano-simple/index.js:320:93597)
    at Parser.combinator (/Users/javimombiela/Documents/GitHub/hacienda-guadalupe/node_modules/next/dist/compiled/cssnano-simple/index.js:320:91783)
    at Parser.parse (/Users/javimombiela/Documents/GitHub/hacienda-guadalupe/node_modules/next/dist/compiled/cssnano-simple/index.js:320:99322)
    at Parser.loop (/Users/javimombiela/Documents/GitHub/hacienda-guadalupe/node_modules/next/dist/compiled/cssnano-simple/index.js:320:98727)
    at new Parser (/Users/javimombiela/Documents/GitHub/hacienda-guadalupe/node_modules/next/dist/compiled/cssnano-simple/index.js:320:84494)
    at Processor._root (/Users/javimombiela/Documents/GitHub/hacienda-guadalupe/node_modules/next/dist/compiled/cssnano-simple/index.js:320:101743)
    at Processor._runSync (/Users/javimombiela/Documents/GitHub/hacienda-guadalupe/node_modules/next/dist/compiled/cssnano-simple/index.js:320:102250)
caused by plugins in Compilation.hooks.processAssets
Error: Unexpected '/'. Escaping special characters with \ may help.
    at /Users/javimombiela/Documents/GitHub/hacienda-guadalupe/static/css/7510df1cb69d52cb.css:758:1
    at Root._error (/Users/javimombiela/Documents/GitHub/hacienda-guadalupe/node_modules/next/dist/compiled/cssnano-simple/index.js:320:84637)
    at Root.error (/Users/javimombiela/Documents/GitHub/hacienda-guadalupe/node_modules/next/dist/compiled/cssnano-simple/index.js:320:131940)
    at Parser.error (/Users/javimombiela/Documents/GitHub/hacienda-guadalupe/node_modules/next/dist/compiled/cssnano-simple/index.js:320:93111)
    at Parser.unexpected (/Users/javimombiela/Documents/GitHub/hacienda-guadalupe/node_modules/next/dist/compiled/cssnano-simple/index.js:320:93597)
    at Parser.combinator (/Users/javimombiela/Documents/GitHub/hacienda-guadalupe/node_modules/next/dist/compiled/cssnano-simple/index.js:320:91783)
    at Parser.parse (/Users/javimombiela/Documents/GitHub/hacienda-guadalupe/node_modules/next/dist/compiled/cssnano-simple/index.js:320:99322)
    at Parser.loop (/Users/javimombiela/Documents/GitHub/hacienda-guadalupe/node_modules/next/dist/compiled/cssnano-simple/index.js:320:98727)
    at new Parser (/Users/javimombiela/Documents/GitHub/hacienda-guadalupe/node_modules/next/dist/compiled/cssnano-simple/index.js:320:84494)
    at Processor._root (/Users/javimombiela/Documents/GitHub/hacienda-guadalupe/node_modules/next/dist/compiled/cssnano-simple/index.js:320:101743)
    at Processor._runSync (/Users/javimombiela/Documents/GitHub/hacienda-guadalupe/node_modules/next/dist/compiled/cssnano-simple/index.js:320:102250)


> Build failed because of webpack errors
